<?xml version="1.0" encoding="UTF-8"?>
<!-- Generated by org.testng.reporters.JUnitXMLReporter -->
<testsuite hostname="user-PC" name="Other Tests(here browsers remain open till all tests done)" tests="3" failures="1" timestamp="3 Apr 2018 18:18:41 GMT" time="71.318" errors="0">
  <testcase name="@AfterTest teardown" time="0.0" classname="Academy.HomePage">
    <failure type="java.lang.NullPointerException">
      <![CDATA[java.lang.NullPointerException
	at Academy.HomePagelogin.teardown(HomePagelogin.java:52)
... Removed 22 stack frames]]>
    </failure>
  </testcase> <!-- @AfterTest teardown -->
  <testcase name="basePagenavigation" time="0.058" classname="Academy.HomePage">
    <failure type="junit.framework.ComparisonFailure" message="expected:&amp;lt;...&amp;gt; but was:&amp;lt;...1&amp;gt;">
      <![CDATA[junit.framework.ComparisonFailure: expected:<...> but was:<...1>
	at junit.framework.Assert.assertEquals(Assert.java:81)
	at junit.framework.Assert.assertEquals(Assert.java:87)
	at Academy.HomePage.basePagenavigation(HomePage.java:34)
... Removed 24 stack frames]]>
    </failure>
  </testcase> <!-- basePagenavigation -->
  <testcase name="basepagenavigation" time="4.39" classname="Academy.HomePagelogin"/>
  <testcase name="basepagenavigation" time="3.016" classname="Academy.HomePagelogin"/>
</testsuite> <!-- Other Tests(here browsers remain open till all tests done) -->
